<?xml version="1.0" encoding="UTF-8"?>
<!-- Generated by org.testng.reporters.JUnitXMLReporter -->
<testsuite ignored="0" hostname="DESKTOP-VHNDH9Q" failures="1" tests="1" name="Test" time="3.374" errors="0" timestamp="2024-01-29T01:59:52 CST">
  <testcase classname="api.test.UserTest" name="testPostUser" time="3.097">
    <failure type="java.lang.AssertionError" message="expected [200] but found [500]">
      <![CDATA[java.lang.AssertionError: expected [200] but found [500]
at api.test.UserTest.testPostUser(UserTest.java:34)
at java.base/java.util.ArrayList.forEach(ArrayList.java:1511)
... Removed 33 stack frames]]>
    </failure>
  </testcase> <!-- testPostUser -->
</testsuite> <!-- Test -->
