<?xml version="1.0" encoding="UTF-8"?>
<testng-results ignored="0" total="1" passed="1" failed="0" skipped="0">
  <reporter-output>
  </reporter-output>
  <suite started-at="2024-02-04T00:16:37 CST" name="Default suite" finished-at="2024-02-04T00:16:42 CST" duration-ms="4723">
    <groups>
    </groups>
    <test started-at="2024-02-04T00:16:37 CST" name="Default test" finished-at="2024-02-04T00:16:42 CST" duration-ms="4723">
      <class name="api.test.UserTest">
        <test-method is-config="true" signature="setUpData()[pri:0, instance:api.test.UserTest@15f47664]" started-at="2024-02-04T00:16:37 CST" name="setUpData" finished-at="2024-02-04T00:16:37 CST" duration-ms="284" status="PASS">
          <reporter-output>
          </reporter-output>
        </test-method> <!-- setUpData -->
        <test-method signature="testPostUser()[pri:0, instance:api.test.UserTest@15f47664]" started-at="2024-02-04T00:16:37 CST" name="testPostUser" finished-at="2024-02-04T00:16:42 CST" duration-ms="4378" status="PASS">
          <reporter-output>
          </reporter-output>
        </test-method> <!-- testPostUser -->
      </class> <!-- api.test.UserTest -->
    </test> <!-- Default test -->
  </suite> <!-- Default suite -->
</testng-results>
